SF:lib\main.dart
DA:9,0
DA:10,0
DA:11,0
DA:12,0
DA:14,0
DA:18,2
DA:21,1
DA:23,1
DA:26,2
DA:29,1
LF:10
LH:5
end_of_record
SF:lib\constants.dart
DA:14,0
DA:15,0
DA:17,0
DA:18,0
DA:26,0
DA:27,0
DA:28,0
DA:31,0
LF:8
LH:0
end_of_record
SF:lib\controllers\auth_controller.dart
DA:12,0
DA:17,0
DA:18,0
DA:20,0
DA:22,0
DA:23,0
DA:24,0
DA:25,0
DA:28,0
DA:30,0
DA:32,0
DA:35,0
DA:39,0
DA:42,0
DA:43,0
DA:44,0
DA:47,0
DA:48,0
DA:49,0
DA:50,0
DA:53,0
DA:55,0
DA:56,0
DA:57,0
DA:58,0
DA:59,0
DA:60,0
DA:62,0
DA:64,0
DA:65,0
DA:69,0
DA:70,0
DA:71,0
DA:72,0
DA:73,0
DA:74,0
DA:76,0
DA:80,0
DA:82,0
DA:83,0
DA:86,0
DA:89,0
DA:93,0
DA:95,0
DA:97,0
LF:45
LH:0
end_of_record
SF:lib\views\screens\mainScreen\add_video_screen.dart
DA:10,1
DA:12,0
DA:13,0
DA:17,0
DA:18,0
DA:19,0
DA:20,0
DA:25,0
DA:26,0
DA:28,0
DA:29,0
DA:30,0
DA:31,0
DA:32,0
DA:42,0
DA:43,0
DA:44,0
DA:54,0
DA:55,0
DA:56,0
DA:70,0
DA:72,0
DA:73,0
DA:74,0
DA:75,0
DA:76,0
DA:79,0
LF:27
LH:1
end_of_record
SF:lib\views\screens\mainScreen\messages_screen.dart
DA:4,1
DA:6,0
DA:8,0
DA:12,0
DA:14,0
DA:15,0
DA:16,0
DA:17,0
DA:19,0
DA:20,0
DA:25,0
DA:27,0
DA:28,0
DA:31,0
DA:52,0
LF:15
LH:1
end_of_record
SF:lib\views\screens\mainScreen\profile_screen.dart
DA:7,1
DA:9,0
DA:11,0
DA:13,0
DA:15,0
DA:38,0
DA:40,0
DA:43,0
DA:45,0
DA:61,0
DA:63,0
DA:64,0
DA:65,0
DA:67,0
DA:81,0
DA:83,0
DA:84,0
DA:98,0
DA:99,0
DA:101,0
DA:121,0
DA:123,0
DA:124,0
DA:127,0
DA:128,0
DA:129,0
DA:135,0
DA:137,0
DA:139,0
DA:140,0
DA:141,0
DA:145,0
DA:147,0
DA:148,0
DA:149,0
DA:150,0
DA:152,0
DA:159,0
DA:161,0
LF:39
LH:1
end_of_record
SF:lib\views\screens\mainScreen\search_screen.dart
DA:4,1
DA:6,0
DA:8,0
DA:9,0
DA:11,0
DA:20,0
LF:6
LH:1
end_of_record
SF:lib\views\screens\mainScreen\video_screen.dart
DA:9,0
DA:13,0
DA:14,0
DA:17,0
DA:18,0
DA:19,0
DA:23,0
DA:26,0
DA:27,0
DA:28,0
DA:29,0
DA:30,0
DA:40,0
DA:41,0
DA:44,0
DA:45,0
DA:46,0
DA:47,0
DA:51,0
DA:52,0
DA:53,0
DA:54,0
DA:55,0
DA:56,0
DA:66,0
DA:68,0
DA:70,0
DA:71,0
DA:72,0
DA:73,0
DA:74,0
DA:76,0
DA:77,0
DA:78,0
DA:79,0
DA:80,0
DA:81,0
DA:82,0
DA:84,0
DA:85,0
DA:88,0
DA:89,0
DA:90,0
DA:92,0
DA:96,0
DA:97,0
DA:102,0
DA:105,0
DA:106,0
DA:109,0
DA:119,0
DA:121,0
DA:122,0
DA:124,0
DA:125,0
DA:126,0
DA:127,0
DA:128,0
DA:129,0
DA:130,0
DA:132,0
DA:134,0
DA:135,0
DA:139,0
DA:144,0
DA:145,0
DA:146,0
DA:147,0
DA:151,0
DA:156,0
DA:157,0
DA:158,0
DA:159,0
DA:163,0
DA:168,0
DA:169,0
LF:76
LH:0
end_of_record
SF:lib\models\user.dart
DA:9,0
DA:14,0
DA:15,0
DA:16,0
DA:17,0
DA:18,0
DA:19,0
DA:23,0
DA:24,0
DA:25,0
DA:26,0
DA:27,0
DA:28,0
DA:29,0
LF:14
LH:0
end_of_record
SF:lib\views\screens\authens\login_screen.dart
DA:11,1
DA:13,1
DA:16,1
DA:18,1
DA:20,1
DA:21,2
DA:22,1
DA:29,1
DA:30,1
DA:31,1
DA:35,1
DA:43,1
DA:47,1
DA:55,1
DA:60,1
DA:68,1
DA:69,1
DA:71,1
DA:72,1
DA:84,1
DA:86,1
DA:87,1
DA:88,1
DA:89,1
DA:91,1
DA:98,2
DA:99,1
DA:105,1
DA:106,1
DA:112,1
DA:118,1
DA:119,1
DA:130,1
DA:131,0
DA:132,0
DA:133,0
DA:135,1
DA:137,1
DA:138,1
DA:156,1
DA:158,1
DA:159,1
DA:166,0
DA:167,0
DA:173,1
DA:180,0
LF:46
LH:40
end_of_record
SF:lib\views\screens\mainScreen\home_screen.dart
DA:6,1
DA:8,0
DA:9,0
DA:15,0
DA:17,0
DA:18,0
DA:19,0
DA:20,0
DA:21,0
DA:28,0
DA:57,0
LF:11
LH:1
end_of_record
SF:lib\controllers\upload_video_controller.dart
DA:10,0
DA:11,0
DA:13,0
DA:16,0
DA:17,0
DA:18,0
DA:21,0
DA:25,0
DA:26,0
DA:28,0
DA:31,0
DA:35,0
DA:36,0
DA:40,0
DA:42,0
DA:43,0
DA:44,0
DA:45,0
DA:47,0
DA:48,0
DA:49,0
DA:50,0
DA:52,0
DA:53,0
DA:55,0
DA:56,0
DA:64,0
DA:66,0
DA:67,0
DA:68,0
DA:69,0
DA:71,0
DA:73,0
LF:33
LH:0
end_of_record
SF:lib\models\video.dart
DA:17,0
DA:31,0
DA:32,0
DA:33,0
DA:34,0
DA:35,0
DA:36,0
DA:37,0
DA:38,0
DA:39,0
DA:40,0
DA:41,0
DA:42,0
DA:43,0
DA:46,0
DA:47,0
DA:49,0
DA:50,0
DA:51,0
DA:52,0
DA:53,0
DA:54,0
DA:55,0
DA:56,0
DA:57,0
DA:58,0
DA:59,0
LF:27
LH:0
end_of_record
SF:lib\controllers\video_controller.dart
DA:9,0
DA:11,0
DA:14,0
DA:15,0
DA:16,0
DA:17,0
DA:18,0
DA:19,0
DA:25,0
DA:26,0
DA:27,0
DA:28,0
DA:29,0
DA:30,0
DA:33,0
DA:34,0
LF:16
LH:0
end_of_record
SF:lib\firebase_options.dart
DA:18,0
DA:22,0
DA:23,0
DA:25,0
DA:27,0
DA:29,0
DA:30,0
DA:34,0
DA:35,0
DA:40,0
LF:10
LH:0
end_of_record
SF:lib\views\screens\authens\register_screen.dart
DA:6,1
DA:8,0
DA:9,0
DA:19,0
DA:22,0
DA:24,0
DA:26,0
DA:27,0
DA:28,0
DA:35,0
DA:36,0
DA:37,0
DA:41,0
DA:49,0
DA:53,0
DA:61,0
DA:66,0
DA:74,0
DA:77,0
DA:78,0
DA:86,0
DA:88,0
DA:89,0
DA:90,0
DA:97,0
DA:100,0
DA:101,0
DA:113,0
DA:115,0
DA:116,0
DA:117,0
DA:118,0
DA:120,0
DA:127,0
DA:128,0
DA:134,0
DA:135,0
DA:141,0
DA:147,0
DA:148,0
DA:154,0
DA:160,0
DA:161,0
DA:172,0
DA:173,0
DA:174,0
DA:175,0
DA:176,0
DA:177,0
DA:178,0
DA:180,0
DA:182,0
DA:183,0
DA:201,0
DA:203,0
DA:204,0
DA:211,0
DA:212,0
DA:215,0
DA:222,0
LF:60
LH:1
end_of_record
SF:lib\views\widgets\text_input_field.dart
DA:8,1
DA:16,1
DA:18,1
DA:19,1
DA:20,1
DA:21,1
DA:22,2
DA:28,1
LF:8
LH:8
end_of_record
SF:lib\views\screens\mainScreen\confirm_screen.dart
DA:13,0
DA:15,0
DA:17,0
DA:18,0
DA:29,0
DA:31,0
DA:32,0
DA:33,0
DA:35,0
DA:36,0
DA:37,0
DA:38,0
DA:41,0
DA:43,0
DA:44,0
DA:47,0
DA:49,0
DA:50,0
DA:51,0
DA:52,0
DA:56,0
DA:57,0
DA:58,0
DA:59,0
DA:64,0
DA:66,0
DA:68,0
DA:69,0
DA:71,0
DA:72,0
DA:73,0
DA:80,0
DA:82,0
DA:83,0
DA:84,0
DA:91,0
DA:92,0
DA:93,0
DA:94,0
DA:95,0
LF:40
LH:0
end_of_record
SF:lib\views\widgets\custom_icon.dart
DA:4,1
DA:6,0
DA:8,0
DA:11,0
DA:12,0
DA:13,0
DA:16,0
DA:18,0
DA:20,0
DA:23,0
DA:25,0
DA:27,0
DA:28,0
DA:31,0
DA:33,0
LF:15
LH:1
end_of_record
SF:lib\views\screens\mainScreen\profiletab_1.dart
DA:4,1
DA:6,0
DA:8,0
DA:12,0
DA:13,0
DA:15,0
LF:6
LH:1
end_of_record
SF:lib\views\screens\mainScreen\profiletab_2.dart
DA:4,1
DA:6,0
DA:8,0
DA:12,0
DA:13,0
DA:15,0
LF:6
LH:1
end_of_record
SF:lib\views\screens\mainScreen\profiletab_3.dart
DA:4,1
DA:6,0
DA:8,0
DA:12,0
DA:13,0
DA:15,0
LF:6
LH:1
end_of_record
SF:lib\views\widgets\circle_animation.dart
DA:6,0
DA:8,0
DA:9,0
DA:16,0
DA:18,0
DA:20,0
DA:22,0
DA:23,0
DA:26,0
DA:28,0
DA:29,0
DA:32,0
DA:34,0
DA:35,0
DA:36,0
LF:15
LH:0
end_of_record
SF:lib\views\widgets\video_player_item.dart
DA:6,0
DA:8,0
DA:9,0
DA:15,0
DA:17,0
DA:18,0
DA:19,0
DA:20,0
DA:21,0
DA:25,0
DA:27,0
DA:28,0
DA:31,0
DA:33,0
DA:34,0
DA:35,0
DA:36,0
DA:38,0
LF:18
LH:0
end_of_record
