SF:lib\constants.dart
DA:20,1
DA:21,2
DA:22,1
DA:24,3
DA:25,1
DA:26,3
DA:27,1
DA:29,1
DA:30,1
DA:32,1
DA:33,3
DA:38,0
DA:39,0
DA:42,0
DA:43,0
DA:44,0
DA:46,0
DA:49,1
DA:50,1
DA:55,1
DA:57,1
DA:64,1
DA:66,3
DA:67,2
DA:68,2
DA:69,1
DA:70,4
DA:75,3
DA:76,0
DA:77,3
DA:80,3
LF:31
LH:24
end_of_record
SF:lib\controllers\auth_controller.dart
DA:13,4
DA:15,3
DA:18,3
DA:20,3
DA:22,3
DA:24,1
DA:26,1
DA:27,2
DA:28,4
DA:29,4
DA:30,1
DA:31,3
DA:34,0
DA:35,0
DA:38,0
DA:40,0
DA:42,0
DA:44,0
DA:48,0
DA:49,0
DA:53,0
DA:56,0
DA:57,0
DA:58,0
DA:60,0
DA:62,0
DA:63,0
DA:64,0
DA:65,0
DA:68,0
DA:70,0
DA:72,0
DA:73,0
DA:74,0
DA:75,0
DA:76,0
DA:78,0
DA:80,0
DA:81,0
DA:83,0
DA:84,0
DA:85,0
DA:87,0
DA:88,0
DA:89,0
DA:91,0
DA:92,0
DA:93,0
DA:97,0
DA:98,0
DA:99,0
DA:100,0
DA:101,0
DA:102,0
DA:104,0
DA:108,1
DA:110,2
DA:111,2
DA:113,2
DA:115,2
DA:117,0
DA:118,0
DA:119,0
DA:120,0
DA:123,2
DA:124,2
DA:125,3
DA:126,3
DA:130,0
DA:132,0
DA:133,0
DA:134,0
DA:135,0
DA:136,0
DA:137,0
DA:139,0
DA:140,0
DA:141,0
DA:144,0
DA:145,0
DA:146,0
DA:150,0
DA:152,0
DA:154,0
DA:155,0
DA:158,0
DA:159,0
DA:160,0
DA:161,0
DA:162,0
DA:163,0
DA:164,0
DA:166,0
DA:167,0
DA:172,1
DA:174,0
DA:176,3
LF:97
LH:23
end_of_record
SF:lib\main.dart
DA:13,0
DA:15,0
DA:16,0
DA:21,0
DA:22,0
DA:23,0
DA:24,0
DA:25,0
DA:26,0
DA:27,0
DA:28,0
DA:29,0
DA:33,2
DA:36,1
DA:38,1
DA:40,1
DA:42,2
DA:45,1
LF:18
LH:6
end_of_record
SF:lib\views\screens\mainScreen\messages_screen.dart
DA:4,1
DA:6,1
DA:8,1
DA:12,1
DA:14,1
DA:15,1
DA:16,1
DA:17,1
DA:19,2
DA:20,1
DA:25,1
DA:27,1
DA:28,1
DA:31,1
DA:52,1
LF:15
LH:15
end_of_record
SF:lib\views\screens\mainScreen\profile_screen.dart
DA:16,1
DA:17,1
DA:19,1
DA:20,1
DA:26,1
DA:28,1
DA:29,5
DA:30,5
DA:31,1
DA:32,4
DA:35,1
DA:37,4
DA:38,1
DA:39,2
DA:42,1
DA:44,2
DA:45,2
DA:46,1
DA:47,3
DA:48,3
DA:49,1
DA:51,1
DA:59,4
DA:60,1
DA:62,1
DA:64,1
DA:66,1
DA:68,1
DA:69,1
DA:70,3
DA:73,8
DA:74,1
DA:75,0
DA:76,0
DA:83,0
DA:89,8
DA:95,0
DA:100,0
DA:101,0
DA:104,1
DA:105,1
DA:106,1
DA:107,1
DA:108,6
DA:109,4
DA:110,1
DA:112,0
DA:114,1
DA:115,1
DA:116,1
DA:117,1
DA:124,2
DA:126,1
DA:129,4
DA:133,1
DA:135,5
DA:141,1
DA:143,1
DA:144,1
DA:145,1
DA:147,1
DA:148,1
DA:149,4
DA:161,1
DA:163,1
DA:164,1
DA:165,1
DA:166,4
DA:178,1
DA:179,1
DA:181,1
DA:182,1
DA:183,4
DA:201,1
DA:203,1
DA:204,1
DA:205,1
DA:206,1
DA:209,1
DA:210,6
DA:212,0
DA:215,2
DA:216,1
DA:217,1
DA:218,6
DA:220,0
DA:223,6
DA:225,0
DA:232,1
DA:233,6
DA:234,3
DA:235,2
DA:237,0
DA:241,6
DA:242,1
DA:244,1
DA:246,1
DA:247,2
DA:248,1
DA:253,0
DA:254,6
DA:255,1
DA:257,1
DA:258,2
DA:259,1
DA:260,1
DA:262,1
DA:265,0
DA:271,1
DA:272,0
DA:273,1
DA:274,4
DA:276,3
DA:277,2
DA:304,1
DA:305,1
DA:306,1
DA:307,1
DA:308,1
DA:320,0
DA:322,0
DA:329,0
DA:330,0
DA:331,0
DA:332,0
DA:333,0
DA:342,0
DA:343,0
DA:346,0
DA:348,0
DA:354,0
DA:365,0
DA:366,0
LF:133
LH:105
end_of_record
SF:lib\views\screens\mainScreen\search_screen.dart
DA:12,2
DA:18,1
DA:20,2
DA:21,1
DA:22,1
DA:25,1
DA:26,1
DA:27,1
DA:28,1
DA:29,1
DA:30,4
DA:31,4
DA:32,0
DA:34,1
DA:36,3
DA:38,1
DA:40,1
DA:43,1
DA:45,1
DA:46,1
DA:47,1
DA:52,1
DA:53,1
DA:54,2
DA:56,0
DA:59,1
DA:60,2
DA:61,1
DA:62,1
DA:63,0
DA:64,0
DA:67,1
DA:69,1
DA:76,1
DA:82,1
DA:84,1
DA:86,1
DA:88,1
DA:90,1
DA:92,1
DA:93,1
DA:94,1
DA:95,0
DA:96,1
DA:100,0
DA:101,0
DA:102,0
DA:103,0
DA:104,0
DA:106,0
DA:112,2
DA:113,3
DA:114,1
DA:115,1
DA:116,1
DA:117,1
DA:124,1
DA:125,1
DA:126,1
DA:127,3
DA:128,1
DA:129,3
DA:130,1
DA:131,0
DA:132,0
DA:133,0
DA:134,0
DA:135,0
DA:141,1
DA:143,3
DA:144,1
DA:146,1
DA:148,1
DA:149,1
DA:150,1
DA:151,1
DA:155,1
DA:158,1
DA:159,1
DA:160,1
DA:166,1
DA:169,1
DA:170,2
DA:178,2
DA:179,3
DA:180,0
DA:181,0
DA:182,0
DA:183,0
DA:184,0
DA:185,0
DA:186,0
DA:187,0
DA:188,0
DA:189,0
DA:191,0
DA:194,0
DA:195,0
DA:196,0
DA:199,0
DA:200,0
DA:201,0
DA:203,0
DA:204,0
DA:207,0
DA:209,0
DA:216,0
DA:218,0
DA:220,0
DA:221,0
DA:224,0
DA:231,0
DA:238,1
DA:249,0
DA:250,0
DA:251,0
DA:252,0
DA:254,0
LF:118
LH:70
end_of_record
SF:lib\views\screens\mainScreen\video_screen.dart
DA:19,1
DA:20,1
DA:22,1
DA:23,1
DA:33,1
DA:35,1
DA:36,1
DA:37,4
DA:38,4
DA:39,1
DA:40,4
DA:43,1
DA:45,3
DA:46,1
DA:49,1
DA:50,1
DA:51,1
DA:52,1
DA:56,1
DA:61,1
DA:62,1
DA:63,1
DA:64,1
DA:65,1
DA:74,1
DA:76,1
DA:79,1
DA:80,1
DA:81,1
DA:82,1
DA:86,1
DA:87,1
DA:88,1
DA:89,1
DA:90,1
DA:91,1
DA:96,0
DA:97,0
DA:98,0
DA:99,0
DA:100,0
DA:101,0
DA:111,0
DA:113,0
DA:117,1
DA:120,1
DA:138,1
DA:140,2
DA:141,1
DA:144,1
DA:147,3
DA:148,0
DA:149,0
DA:150,0
DA:151,0
DA:154,0
DA:157,0
DA:158,0
DA:160,0
DA:161,0
DA:163,0
DA:167,0
DA:168,0
DA:169,0
DA:170,0
DA:176,1
DA:179,2
DA:180,3
DA:181,1
DA:182,1
DA:183,1
DA:184,4
DA:187,4
DA:188,3
DA:189,0
DA:191,1
DA:192,4
DA:193,3
DA:194,0
DA:196,2
DA:198,1
DA:199,1
DA:200,1
DA:201,1
DA:204,1
DA:205,1
DA:207,1
DA:208,1
DA:211,1
DA:212,1
DA:213,1
DA:215,1
DA:219,1
DA:220,3
DA:228,1
DA:229,1
DA:244,1
DA:245,1
DA:251,1
DA:254,4
DA:255,1
DA:256,2
DA:268,1
DA:269,2
DA:271,1
DA:273,1
DA:274,1
DA:278,1
DA:279,3
DA:284,1
DA:285,1
DA:286,1
DA:287,0
DA:288,0
DA:290,1
DA:292,2
DA:293,3
DA:297,4
DA:306,1
DA:307,1
DA:308,1
DA:309,1
DA:310,1
DA:311,1
DA:312,1
DA:319,3
DA:328,1
DA:329,1
DA:330,1
DA:331,0
DA:338,3
DA:347,1
DA:349,2
DA:368,1
DA:370,1
DA:377,1
DA:378,1
LF:137
LH:110
end_of_record
SF:lib\models\user.dart
DA:11,1
DA:19,0
DA:20,0
DA:21,0
DA:22,0
DA:23,0
DA:24,0
DA:25,0
DA:26,0
DA:30,1
DA:31,1
DA:32,1
DA:33,1
DA:34,1
DA:35,1
DA:36,1
DA:37,1
DA:38,1
LF:18
LH:10
end_of_record
SF:lib\views\screens\authens\login_screen.dart
DA:13,1
DA:15,1
DA:18,2
DA:19,1
DA:21,1
DA:23,1
DA:24,2
DA:25,1
DA:32,1
DA:33,1
DA:34,1
DA:38,1
DA:46,1
DA:50,1
DA:58,1
DA:63,1
DA:71,1
DA:72,1
DA:74,1
DA:75,1
DA:87,1
DA:89,1
DA:90,1
DA:91,1
DA:92,1
DA:94,1
DA:101,2
DA:102,1
DA:109,1
DA:111,1
DA:117,1
DA:124,1
DA:126,1
DA:137,1
DA:139,1
DA:140,5
DA:141,3
DA:143,1
DA:145,1
DA:146,1
DA:152,1
DA:154,1
DA:155,1
DA:156,1
DA:158,1
DA:163,2
DA:164,1
DA:165,1
DA:172,1
DA:180,1
DA:182,1
DA:183,1
DA:191,1
DA:192,3
DA:195,1
DA:203,1
DA:204,3
LF:57
LH:57
end_of_record
SF:lib\views\screens\mainScreen\home_screen.dart
DA:9,1
DA:11,1
DA:12,1
DA:19,1
DA:21,1
DA:24,1
DA:25,1
DA:26,1
DA:27,2
DA:28,1
DA:29,0
DA:31,1
DA:32,3
DA:33,2
DA:39,4
DA:41,4
DA:42,4
DA:45,1
DA:46,1
DA:56,2
DA:72,3
LF:21
LH:20
end_of_record
SF:lib\controllers\comment_controller.dart
DA:12,3
DA:14,0
DA:18,1
DA:19,1
DA:20,1
DA:23,1
DA:25,7
DA:26,1
DA:27,2
DA:30,1
DA:31,2
DA:32,1
DA:33,1
DA:34,2
DA:35,1
DA:36,1
DA:37,1
DA:38,1
DA:39,1
DA:40,2
DA:41,2
DA:49,0
DA:51,0
DA:52,0
DA:53,0
DA:54,0
DA:55,0
DA:56,0
DA:57,0
DA:58,0
DA:59,0
DA:60,0
DA:61,0
DA:63,0
DA:64,0
DA:65,0
DA:66,0
DA:67,0
DA:68,0
DA:69,0
DA:70,0
DA:72,0
DA:73,0
DA:74,0
DA:75,0
DA:76,0
DA:77,0
DA:78,0
DA:81,0
DA:82,0
DA:83,0
DA:87,0
DA:89,0
DA:94,0
DA:95,0
DA:96,0
DA:97,0
DA:98,0
DA:99,0
DA:100,0
DA:101,0
DA:103,0
DA:104,0
DA:105,0
DA:106,0
DA:107,0
DA:108,0
DA:109,0
DA:110,0
DA:113,0
DA:114,0
DA:115,0
DA:116,0
DA:117,0
DA:118,0
DA:119,0
DA:124,1
DA:125,1
LF:78
LH:22
end_of_record
SF:lib\models\comment.dart
DA:13,1
DA:23,0
DA:24,0
DA:25,0
DA:26,0
DA:27,0
DA:28,0
DA:29,0
DA:30,0
DA:33,1
DA:34,1
DA:35,1
DA:36,1
DA:37,1
DA:38,1
DA:39,1
DA:40,1
DA:41,1
DA:42,1
LF:19
LH:11
end_of_record
SF:lib\controllers\profile_controller.dart
DA:8,3
DA:11,0
DA:13,3
DA:15,3
DA:17,1
DA:18,2
DA:19,1
DA:22,1
DA:23,1
DA:24,2
DA:25,1
DA:26,1
DA:27,3
DA:28,1
DA:30,3
DA:31,0
DA:35,6
DA:36,1
DA:37,1
DA:38,1
DA:39,1
DA:40,1
DA:46,1
DA:47,0
DA:49,1
DA:50,1
DA:51,3
DA:52,1
DA:53,1
DA:54,1
DA:55,1
DA:56,3
DA:57,1
DA:58,1
DA:59,2
DA:60,2
DA:62,1
DA:63,1
DA:64,3
DA:65,1
DA:66,4
DA:67,1
DA:68,2
DA:69,1
DA:76,3
DA:77,1
DA:78,1
DA:80,1
DA:87,2
DA:88,1
DA:89,2
DA:92,0
DA:93,0
DA:94,0
DA:95,0
DA:96,0
DA:97,0
DA:98,0
DA:100,0
DA:101,0
DA:102,0
DA:103,0
DA:104,0
DA:105,0
DA:106,0
DA:107,0
DA:108,0
DA:109,0
DA:110,0
DA:111,0
DA:112,0
DA:113,0
DA:115,0
DA:117,0
DA:119,0
DA:120,0
DA:121,0
DA:122,0
DA:123,0
DA:124,0
DA:125,0
DA:126,0
DA:127,0
DA:128,0
DA:129,0
DA:130,0
DA:131,0
DA:133,0
DA:135,0
DA:137,0
DA:140,0
DA:141,0
DA:142,0
DA:143,0
DA:144,0
DA:145,0
DA:146,0
DA:147,0
DA:148,0
DA:149,0
DA:153,0
DA:154,0
DA:155,0
DA:156,0
DA:157,0
DA:158,0
DA:161,0
DA:162,0
DA:163,0
DA:164,0
DA:165,0
DA:166,0
DA:170,0
DA:171,0
DA:172,0
DA:173,0
DA:174,0
DA:176,0
DA:177,0
LF:119
LH:48
end_of_record
SF:lib\models\video.dart
DA:16,1
DA:30,0
DA:31,0
DA:32,0
DA:33,0
DA:34,0
DA:35,0
DA:36,0
DA:37,0
DA:38,0
DA:39,0
DA:40,0
DA:41,0
DA:44,1
DA:45,1
DA:47,1
DA:48,1
DA:49,1
DA:50,1
DA:51,1
DA:52,1
DA:53,1
DA:54,1
DA:55,1
DA:56,1
DA:57,1
DA:58,1
LF:27
LH:15
end_of_record
SF:lib\controllers\search_controller.dart
DA:11,3
DA:13,0
DA:15,3
DA:17,1
DA:18,2
DA:19,1
DA:20,3
DA:21,1
DA:22,1
DA:23,2
DA:24,1
DA:25,2
DA:26,1
DA:27,2
DA:28,2
DA:33,0
DA:35,2
DA:38,1
DA:39,1
DA:40,1
DA:41,1
DA:42,1
DA:43,1
DA:44,2
DA:47,0
DA:48,0
DA:49,0
DA:50,0
DA:51,0
DA:52,0
DA:53,0
DA:54,0
DA:57,0
DA:58,0
DA:59,0
DA:60,0
DA:61,0
DA:62,0
DA:63,0
DA:65,0
DA:66,0
DA:67,0
DA:68,0
DA:69,0
DA:70,0
DA:71,0
DA:72,0
DA:73,0
DA:74,0
DA:75,0
DA:76,0
DA:77,0
DA:79,0
DA:80,0
DA:81,0
DA:82,0
DA:83,0
DA:84,0
DA:85,0
DA:86,0
DA:87,0
DA:88,0
DA:89,0
DA:90,0
LF:64
LH:22
end_of_record
SF:lib\controllers\upload_video_controller.dart
DA:15,0
DA:17,0
DA:18,0
DA:22,0
DA:23,0
DA:24,0
DA:25,0
DA:26,0
DA:27,0
DA:28,0
DA:30,0
DA:34,0
DA:35,0
DA:37,0
DA:38,0
DA:41,0
DA:45,0
DA:46,0
DA:50,0
DA:53,0
DA:54,0
DA:56,0
DA:58,0
DA:59,0
DA:61,0
DA:63,0
DA:65,0
DA:66,0
DA:68,0
DA:69,0
DA:77,0
DA:79,0
DA:80,0
DA:81,0
DA:82,0
DA:83,0
DA:85,0
DA:88,0
DA:89,0
DA:92,0
DA:93,0
DA:97,0
DA:98,0
DA:99,0
DA:100,0
DA:101,0
DA:102,0
DA:103,0
DA:105,0
DA:106,0
DA:107,0
DA:113,0
DA:114,0
DA:119,0
DA:121,0
DA:122,0
DA:123,0
DA:124,0
LF:58
LH:0
end_of_record
SF:lib\controllers\video_controller.dart
DA:9,3
DA:13,0
DA:15,1
DA:18,1
DA:19,3
DA:20,1
DA:21,1
DA:22,1
DA:23,2
DA:24,1
DA:25,1
DA:26,2
DA:27,2
DA:33,0
DA:34,0
DA:35,0
DA:36,0
DA:37,0
DA:38,0
DA:41,0
DA:42,0
DA:47,1
DA:48,3
DA:49,1
DA:50,1
DA:51,1
DA:52,2
DA:53,1
DA:54,1
DA:55,0
LF:30
LH:20
end_of_record
SF:lib\firebase_options.dart
DA:18,0
DA:22,0
DA:23,0
DA:25,0
DA:27,0
DA:29,0
DA:30,0
DA:34,0
DA:35,0
DA:40,0
LF:10
LH:0
end_of_record
SF:lib\views\screens\authens\change_password_sceen.dart
DA:7,1
DA:9,1
DA:10,1
DA:17,1
DA:19,1
DA:20,2
DA:23,1
DA:25,3
DA:26,3
DA:28,1
DA:29,1
DA:32,1
DA:33,1
DA:38,1
DA:39,2
DA:44,1
DA:45,1
DA:46,1
DA:47,2
DA:48,1
DA:50,1
DA:51,1
DA:52,1
DA:53,1
DA:54,1
DA:55,2
DA:56,1
DA:57,1
DA:58,1
DA:61,1
DA:62,1
DA:64,1
DA:65,1
DA:67,1
DA:71,1
DA:72,1
DA:74,1
DA:75,2
DA:76,1
DA:77,1
DA:78,1
DA:79,1
DA:81,1
DA:82,1
DA:83,1
DA:84,0
DA:85,0
DA:86,0
DA:89,2
DA:94,1
DA:97,1
DA:103,1
DA:104,1
DA:106,1
DA:107,0
DA:108,0
DA:110,1
DA:111,1
DA:113,1
DA:114,1
DA:115,2
DA:117,1
DA:119,1
DA:120,1
DA:121,1
DA:124,1
DA:126,1
DA:127,1
DA:128,1
LF:69
LH:64
end_of_record
SF:lib\views\screens\authens\register_screen.dart
DA:9,2
DA:11,1
DA:12,1
DA:22,1
DA:25,2
DA:26,1
DA:28,1
DA:30,1
DA:31,2
DA:32,1
DA:39,1
DA:40,1
DA:41,1
DA:45,1
DA:53,1
DA:57,1
DA:65,1
DA:70,1
DA:78,1
DA:81,1
DA:82,1
DA:83,1
DA:91,1
DA:93,5
DA:94,1
DA:95,1
DA:96,1
DA:99,3
DA:101,1
DA:104,1
DA:105,0
DA:117,1
DA:119,1
DA:120,1
DA:121,1
DA:122,1
DA:124,1
DA:131,2
DA:132,1
DA:139,1
DA:140,1
DA:146,1
DA:153,1
DA:154,1
DA:160,1
DA:167,1
DA:168,1
DA:179,1
DA:180,0
DA:181,0
DA:182,0
DA:183,0
DA:184,0
DA:185,0
DA:187,1
DA:189,1
DA:190,1
DA:196,1
DA:197,1
DA:199,1
DA:200,1
DA:202,1
DA:206,2
DA:207,0
DA:208,0
DA:215,1
DA:224,1
DA:226,1
DA:227,1
DA:234,0
DA:235,0
DA:236,0
DA:239,1
DA:246,0
DA:247,0
LF:75
LH:61
end_of_record
SF:lib\views\screens\authens\reset_password_screen.dart
DA:11,1
DA:13,1
DA:16,1
DA:18,1
DA:20,1
DA:21,2
DA:22,1
DA:29,1
DA:30,1
DA:31,1
DA:35,1
DA:43,1
DA:47,1
DA:55,1
DA:60,1
DA:68,1
DA:69,1
DA:71,1
DA:72,1
DA:84,1
DA:86,1
DA:87,1
DA:88,1
DA:89,1
DA:91,1
DA:98,2
DA:99,1
DA:105,1
DA:106,1
DA:117,1
DA:118,0
DA:119,0
DA:121,1
DA:123,1
DA:124,1
DA:143,1
DA:145,1
DA:146,1
DA:153,0
DA:154,0
DA:160,1
DA:167,0
DA:168,0
LF:43
LH:37
end_of_record
SF:lib\views\widgets\text_input_field.dart
DA:8,1
DA:16,1
DA:17,1
DA:21,3
DA:23,1
DA:25,1
DA:26,2
DA:27,1
DA:28,2
DA:29,3
DA:35,2
DA:36,1
DA:37,0
DA:38,0
DA:39,0
DA:43,2
DA:45,1
DA:49,1
LF:18
LH:15
end_of_record
SF:lib\views\screens\mainScreen\add_video_screen.dart
DA:13,0
DA:15,0
DA:16,0
DA:29,0
DA:30,0
DA:34,0
DA:35,0
DA:36,0
DA:37,0
DA:42,0
DA:44,0
DA:45,0
DA:46,0
DA:48,0
DA:52,0
DA:54,0
DA:55,0
DA:56,0
DA:59,0
DA:61,0
DA:64,0
DA:65,0
DA:66,0
DA:67,0
DA:68,0
DA:71,0
DA:78,0
DA:79,0
DA:82,0
DA:83,0
DA:84,0
DA:85,0
DA:87,0
DA:88,0
DA:90,0
DA:93,0
DA:94,0
DA:95,0
DA:97,0
DA:100,0
DA:101,0
DA:102,0
DA:103,0
DA:105,0
DA:110,0
DA:112,0
DA:113,0
DA:114,0
DA:115,0
DA:116,0
DA:117,0
DA:118,0
DA:121,0
DA:127,0
DA:129,0
DA:130,0
DA:131,0
DA:132,0
DA:140,0
DA:141,0
DA:142,0
DA:144,0
DA:145,0
DA:147,0
DA:148,0
DA:149,0
DA:156,0
DA:157,0
DA:158,0
DA:161,0
DA:163,0
DA:165,0
DA:166,0
DA:167,0
DA:168,0
DA:169,0
DA:170,0
DA:171,0
DA:172,0
DA:173,0
DA:174,0
DA:175,0
DA:176,0
DA:178,0
DA:179,0
DA:182,0
DA:183,0
DA:184,0
DA:187,0
DA:191,0
DA:192,0
DA:193,0
DA:194,0
DA:206,0
DA:207,0
DA:209,0
DA:211,0
DA:213,0
DA:214,0
DA:217,0
DA:218,0
DA:219,0
DA:221,0
DA:223,0
DA:224,0
DA:225,0
DA:226,0
DA:227,0
DA:231,0
DA:232,0
DA:233,0
DA:242,0
DA:244,0
DA:245,0
DA:246,0
DA:247,0
DA:251,0
DA:254,0
DA:259,0
DA:260,0
DA:261,0
DA:263,0
DA:265,0
DA:266,0
DA:268,0
DA:269,0
DA:270,0
DA:271,0
DA:272,0
DA:275,0
DA:276,0
DA:277,0
DA:281,0
DA:282,0
DA:283,0
DA:285,0
DA:290,0
DA:294,0
LF:138
LH:0
end_of_record
SF:lib\views\screens\mainScreen\confirm_screen.dart
DA:13,0
DA:15,0
DA:17,0
DA:18,0
DA:28,0
DA:30,0
DA:31,0
DA:32,0
DA:34,0
DA:35,0
DA:37,0
DA:38,0
DA:39,0
DA:40,0
DA:43,0
DA:45,0
DA:46,0
DA:47,0
DA:48,0
DA:51,0
DA:53,0
DA:56,0
DA:58,0
DA:70,0
DA:71,0
DA:74,0
DA:75,0
DA:76,0
DA:77,0
DA:79,0
DA:81,0
DA:82,0
DA:83,0
DA:84,0
DA:85,0
DA:87,0
DA:88,0
DA:89,0
DA:93,0
DA:95,0
DA:96,0
DA:99,0
DA:100,0
DA:101,0
DA:102,0
DA:103,0
DA:104,0
DA:111,0
DA:113,0
DA:118,0
DA:119,0
DA:120,0
DA:121,0
DA:122,0
DA:123,0
DA:127,0
DA:128,0
DA:138,0
DA:139,0
DA:140,0
DA:141,0
DA:142,0
DA:143,0
DA:148,0
DA:149,0
DA:150,0
DA:152,0
DA:153,0
DA:154,0
DA:155,0
DA:156,0
DA:157,0
DA:161,0
DA:163,0
DA:164,0
DA:165,0
DA:166,0
DA:167,0
DA:169,0
DA:170,0
DA:172,0
DA:174,0
DA:178,0
DA:180,0
DA:188,0
DA:189,0
DA:190,0
DA:191,0
DA:195,0
DA:196,0
DA:197,0
DA:209,0
DA:210,0
DA:211,0
LF:94
LH:0
end_of_record
SF:lib\views\screens\mainScreen\comment_screen.dart
DA:15,1
DA:17,3
DA:19,1
DA:20,1
DA:28,1
DA:30,4
DA:31,2
DA:33,2
DA:34,1
DA:35,1
DA:36,4
DA:37,3
DA:38,1
DA:39,1
DA:40,1
DA:42,1
DA:43,1
DA:44,4
DA:46,1
DA:47,1
DA:49,3
DA:50,1
DA:51,3
DA:52,1
DA:53,1
DA:54,0
DA:56,0
DA:58,0
DA:59,0
DA:60,0
DA:63,0
DA:72,1
DA:75,2
DA:78,1
DA:79,1
DA:80,1
DA:81,1
DA:82,1
DA:83,1
DA:92,1
DA:93,1
DA:94,1
DA:95,1
DA:96,1
DA:108,1
DA:109,1
DA:110,1
DA:112,3
DA:121,1
DA:122,3
DA:130,1
DA:131,0
DA:132,0
DA:134,1
DA:135,4
DA:149,1
DA:157,1
DA:158,1
DA:159,3
DA:160,1
DA:161,1
DA:165,1
DA:169,3
DA:174,1
DA:175,1
DA:176,0
DA:177,0
DA:178,0
DA:180,0
DA:184,1
DA:189,1
DA:201,1
DA:204,1
DA:206,1
DA:209,1
DA:217,1
DA:218,2
DA:219,1
DA:220,0
DA:221,0
DA:222,0
DA:223,0
DA:224,0
DA:225,0
DA:227,1
DA:230,2
DA:231,1
DA:234,1
DA:237,1
DA:240,1
DA:246,1
DA:247,2
DA:255,1
DA:256,2
LF:94
LH:76
end_of_record
SF:lib\views\screens\mainScreen\post_screen.dart
DA:13,0
DA:19,0
DA:20,0
DA:28,0
DA:30,0
DA:31,0
DA:32,0
DA:35,0
DA:37,0
DA:38,0
DA:39,0
DA:40,0
DA:42,0
DA:45,0
DA:47,0
DA:48,0
DA:52,0
DA:53,0
DA:57,0
DA:58,0
DA:61,0
DA:63,0
DA:67,0
DA:69,0
DA:70,0
DA:72,0
DA:73,0
DA:74,0
DA:75,0
DA:77,0
DA:78,0
DA:79,0
DA:80,0
DA:81,0
DA:84,0
DA:85,0
DA:89,0
DA:91,0
DA:93,0
DA:95,0
DA:100,0
DA:102,0
DA:103,0
DA:104,0
DA:110,0
DA:113,0
DA:116,0
DA:117,0
DA:120,0
DA:121,0
DA:122,0
DA:123,0
DA:124,0
DA:125,0
DA:126,0
DA:129,0
DA:130,0
DA:131,0
DA:132,0
DA:133,0
DA:134,0
DA:137,0
DA:142,0
DA:144,0
DA:145,0
DA:146,0
DA:147,0
DA:148,0
DA:149,0
DA:150,0
DA:152,0
DA:158,0
DA:159,0
DA:164,0
DA:165,0
DA:166,0
DA:173,0
DA:174,0
DA:181,0
DA:185,0
LF:80
LH:0
end_of_record
SF:lib\views\screens\mainScreen\edit_content_screen.dart
DA:8,1
DA:12,1
DA:13,1
DA:20,1
DA:23,2
DA:24,1
DA:25,6
DA:26,3
DA:27,1
DA:29,0
DA:30,0
DA:31,0
DA:32,0
DA:34,0
DA:35,0
DA:36,0
DA:37,0
DA:40,0
DA:43,2
DA:44,1
DA:45,1
DA:49,1
DA:50,2
DA:51,1
DA:54,1
DA:55,1
DA:56,0
DA:57,0
DA:58,0
DA:60,1
DA:62,1
DA:69,1
DA:71,1
DA:72,1
DA:75,1
DA:76,1
DA:77,1
DA:78,2
DA:80,1
DA:81,1
DA:83,1
DA:91,1
DA:92,1
DA:94,2
DA:95,1
DA:98,1
DA:99,1
DA:100,1
DA:101,2
DA:102,1
DA:106,1
DA:107,3
DA:108,0
DA:109,0
DA:111,1
DA:112,1
DA:113,3
DA:114,0
DA:115,1
DA:117,1
DA:119,1
DA:122,1
DA:127,1
DA:130,1
DA:131,1
DA:132,1
DA:133,3
DA:134,1
DA:136,1
DA:137,3
DA:138,1
LF:71
LH:56
end_of_record
SF:lib\views\screens\mainScreen\edit_profile_screen.dart
DA:15,1
DA:17,1
DA:19,2
DA:20,1
DA:21,1
DA:25,1
DA:27,1
DA:30,1
DA:31,1
DA:32,1
DA:33,2
DA:35,1
DA:41,1
DA:42,1
DA:43,2
DA:44,1
DA:47,1
DA:48,1
DA:49,0
DA:50,0
DA:51,0
DA:53,0
DA:54,0
DA:55,0
DA:56,0
DA:57,0
DA:59,0
DA:61,0
DA:62,0
DA:65,1
DA:68,1
DA:69,1
DA:71,2
DA:72,1
DA:73,1
DA:76,1
DA:77,1
DA:80,1
DA:81,1
DA:82,1
DA:85,2
DA:86,0
DA:88,1
DA:89,3
DA:91,1
DA:98,1
DA:101,1
DA:102,1
DA:104,1
DA:107,1
DA:110,1
DA:111,1
DA:112,1
DA:115,1
DA:117,1
DA:124,1
DA:125,1
DA:126,1
DA:127,4
DA:129,1
DA:132,1
DA:134,1
DA:137,1
DA:138,0
DA:139,0
DA:141,0
DA:144,1
DA:146,1
DA:149,1
DA:150,0
DA:151,0
DA:153,0
DA:156,2
LF:73
LH:55
end_of_record
SF:lib\views\widgets\option_row.dart
DA:10,1
DA:12,1
DA:14,2
DA:15,1
DA:16,1
DA:18,1
DA:20,1
DA:21,1
DA:23,1
DA:24,1
DA:25,1
DA:32,1
DA:33,1
DA:34,1
DA:35,5
DA:36,1
DA:37,4
DA:38,4
DA:40,1
DA:51,1
DA:54,1
LF:21
LH:21
end_of_record
SF:lib\views\widgets\custom_icon.dart
DA:8,2
DA:12,1
DA:14,2
DA:15,1
DA:18,1
DA:19,1
DA:20,1
DA:23,1
DA:25,1
DA:27,1
DA:30,1
DA:32,1
DA:34,1
DA:35,1
DA:38,1
DA:39,4
DA:42,1
DA:43,1
DA:45,5
DA:57,1
DA:58,2
DA:61,1
DA:62,2
LF:23
LH:23
end_of_record
SF:lib\views\widgets\tik_tok_icons.dart
DA:4,0
LF:1
LH:0
end_of_record
SF:lib\views\screens\mainScreen\profiletab_1.dart
DA:9,1
DA:11,1
DA:13,1
DA:14,4
DA:17,0
DA:18,0
DA:19,0
DA:21,0
DA:22,0
DA:23,0
DA:24,0
DA:26,0
DA:27,0
DA:29,0
DA:30,0
LF:15
LH:4
end_of_record
SF:lib\views\screens\mainScreen\profiletab_2.dart
DA:4,1
DA:6,0
DA:8,0
DA:12,0
DA:13,0
DA:15,0
LF:6
LH:1
end_of_record
SF:lib\views\screens\mainScreen\profiletab_3.dart
DA:4,1
DA:6,0
DA:8,0
DA:12,0
DA:13,0
DA:15,0
LF:6
LH:1
end_of_record
SF:lib\views\screens\mainScreen\setting_screen.dart
DA:10,1
DA:13,1
DA:14,1
DA:18,1
DA:20,1
DA:21,1
DA:22,1
DA:25,1
DA:26,1
DA:27,1
DA:28,2
DA:30,1
DA:36,1
DA:37,1
DA:38,1
DA:39,1
DA:40,1
DA:43,1
DA:48,1
DA:51,1
DA:52,1
DA:53,1
DA:56,1
DA:58,1
DA:65,1
DA:68,1
DA:69,1
DA:70,1
DA:71,1
DA:72,1
DA:73,1
DA:74,1
DA:75,1
DA:76,4
DA:78,1
DA:80,2
DA:83,1
DA:85,2
DA:87,1
DA:89,2
DA:91,1
DA:93,2
DA:95,1
DA:97,2
DA:102,1
DA:105,1
DA:109,1
DA:112,1
DA:113,1
DA:114,1
DA:117,1
DA:119,1
DA:126,1
DA:129,1
DA:130,1
DA:131,1
DA:133,2
DA:135,0
DA:136,0
DA:139,1
DA:140,1
LF:61
LH:59
end_of_record
SF:lib\views\widgets\circle_animation.dart
DA:8,2
DA:10,1
DA:11,1
DA:18,1
DA:20,1
DA:22,2
DA:24,2
DA:25,2
DA:28,1
DA:30,2
DA:31,1
DA:34,1
DA:36,1
DA:37,1
DA:38,1
DA:39,1
DA:40,4
DA:44,2
LF:18
LH:18
end_of_record
SF:lib\views\widgets\video_player_item.dart
DA:10,1
DA:12,1
DA:14,1
DA:15,1
DA:25,1
DA:27,1
DA:29,1
DA:30,4
DA:31,0
DA:32,0
DA:33,0
DA:34,0
DA:35,0
DA:36,0
DA:40,5
DA:43,1
DA:45,5
DA:46,3
DA:47,1
DA:50,1
DA:52,1
DA:53,1
DA:54,1
DA:55,2
DA:56,1
DA:58,1
DA:65,1
DA:66,1
DA:68,1
DA:69,1
DA:70,3
DA:71,3
DA:74,1
DA:75,1
DA:77,4
DA:78,3
DA:80,1
DA:81,0
DA:82,1
DA:85,2
DA:90,0
DA:91,0
DA:92,0
DA:93,0
DA:94,0
DA:95,0
DA:96,0
LF:47
LH:33
end_of_record
